Dec 9, 2012 3:33:57 AM org.apache.solr.core.SolrResourceLoader locateSolrHome
INFO: JNDI not configured for solr (NoInitialContextEx)
Dec 9, 2012 3:33:57 AM org.apache.solr.core.SolrResourceLoader locateSolrHome
INFO: using system property solr.solr.home: /Users/neel 1/Documents/Programming/rails_projects/cs50/solr
Dec 9, 2012 3:33:57 AM org.apache.solr.core.SolrResourceLoader <init>
INFO: Solr home set to '/Users/neel 1/Documents/Programming/rails_projects/cs50/solr/'
Dec 9, 2012 3:33:57 AM org.apache.solr.servlet.SolrDispatchFilter init
INFO: SolrDispatchFilter.init()
Dec 9, 2012 3:33:57 AM org.apache.solr.core.SolrResourceLoader locateSolrHome
INFO: JNDI not configured for solr (NoInitialContextEx)
Dec 9, 2012 3:33:57 AM org.apache.solr.core.SolrResourceLoader locateSolrHome
INFO: using system property solr.solr.home: /Users/neel 1/Documents/Programming/rails_projects/cs50/solr
Dec 9, 2012 3:33:57 AM org.apache.solr.core.CoreContainer$Initializer initialize
INFO: looking for solr.xml: /Users/neel 1/Documents/Programming/rails_projects/cs50/solr/solr.xml
Dec 9, 2012 3:33:57 AM org.apache.solr.core.SolrResourceLoader <init>
INFO: Solr home set to '/Users/neel 1/Documents/Programming/rails_projects/cs50/solr/'
Dec 9, 2012 3:33:57 AM org.apache.solr.core.SolrConfig initLibs
INFO: Adding specified lib dirs to ClassLoader
Dec 9, 2012 3:33:58 AM org.apache.solr.core.SolrConfig <init>
INFO: Loaded SolrConfig: solrconfig.xml
Dec 9, 2012 3:33:58 AM org.apache.solr.core.SolrCore <init>
INFO: Opening new SolrCore at /Users/neel 1/Documents/Programming/rails_projects/cs50/solr/, dataDir=/Users/neel 1/Documents/Programming/rails_projects/cs50/solr/data/production/
Dec 9, 2012 3:33:58 AM org.apache.solr.schema.IndexSchema readSchema
INFO: Reading Solr Schema
Dec 9, 2012 3:33:58 AM org.apache.solr.schema.IndexSchema readSchema
INFO: Schema name=sunspot
Dec 9, 2012 3:33:58 AM org.apache.solr.util.plugin.AbstractPluginLoader load
INFO: created string: org.apache.solr.schema.StrField
Dec 9, 2012 3:33:58 AM org.apache.solr.util.plugin.AbstractPluginLoader load
INFO: created tdouble: org.apache.solr.schema.TrieDoubleField
Dec 9, 2012 3:33:58 AM org.apache.solr.util.plugin.AbstractPluginLoader load
INFO: created rand: org.apache.solr.schema.RandomSortField
Dec 9, 2012 3:33:58 AM org.apache.solr.util.plugin.AbstractPluginLoader load
INFO: created null: org.apache.solr.analysis.StandardTokenizerFactory
Dec 9, 2012 3:33:58 AM org.apache.solr.util.plugin.AbstractPluginLoader load
INFO: created null: org.apache.solr.analysis.StandardFilterFactory
Dec 9, 2012 3:33:58 AM org.apache.solr.util.plugin.AbstractPluginLoader load
INFO: created null: org.apache.solr.analysis.LowerCaseFilterFactory
Dec 9, 2012 3:33:58 AM org.apache.solr.util.plugin.AbstractPluginLoader load
INFO: created text: org.apache.solr.schema.TextField
Dec 9, 2012 3:33:58 AM org.apache.solr.util.plugin.AbstractPluginLoader load
INFO: created boolean: org.apache.solr.schema.BoolField
Dec 9, 2012 3:33:58 AM org.apache.solr.util.plugin.AbstractPluginLoader load
INFO: created date: org.apache.solr.schema.DateField
Dec 9, 2012 3:33:58 AM org.apache.solr.util.plugin.AbstractPluginLoader load
INFO: created sdouble: org.apache.solr.schema.SortableDoubleField
Dec 9, 2012 3:33:58 AM org.apache.solr.util.plugin.AbstractPluginLoader load
INFO: created sfloat: org.apache.solr.schema.SortableFloatField
Dec 9, 2012 3:33:58 AM org.apache.solr.util.plugin.AbstractPluginLoader load
INFO: created sint: org.apache.solr.schema.SortableIntField
Dec 9, 2012 3:33:58 AM org.apache.solr.util.plugin.AbstractPluginLoader load
INFO: created slong: org.apache.solr.schema.SortableLongField
Dec 9, 2012 3:33:58 AM org.apache.solr.util.plugin.AbstractPluginLoader load
INFO: created tint: org.apache.solr.schema.TrieIntField
Dec 9, 2012 3:33:58 AM org.apache.solr.util.plugin.AbstractPluginLoader load
INFO: created tfloat: org.apache.solr.schema.TrieFloatField
Dec 9, 2012 3:33:58 AM org.apache.solr.util.plugin.AbstractPluginLoader load
INFO: created tdate: org.apache.solr.schema.TrieDateField
Dec 9, 2012 3:33:58 AM org.apache.solr.schema.IndexSchema readSchema
INFO: default search field is text
Dec 9, 2012 3:33:58 AM org.apache.solr.schema.IndexSchema readSchema
INFO: query parser default operator is AND
Dec 9, 2012 3:33:58 AM org.apache.solr.schema.IndexSchema readSchema
INFO: unique key field: id
Dec 9, 2012 3:33:58 AM org.apache.solr.core.JmxMonitoredMap <init>
INFO: No JMX servers found, not exposing Solr information with JMX.
Dec 9, 2012 3:33:58 AM org.apache.solr.core.SolrCore initListeners
INFO: Added SolrEventListener: org.apache.solr.core.QuerySenderListener{queries=[]}
Dec 9, 2012 3:33:58 AM org.apache.solr.core.SolrCore initListeners
INFO: Added SolrEventListener: org.apache.solr.core.QuerySenderListener{queries=[{q=solr rocks,start=0,rows=10}, {q=static firstSearcher warming query from solrconfig.xml}]}
Dec 9, 2012 3:33:58 AM org.apache.solr.request.XSLTResponseWriter init
INFO: xsltCacheLifetimeSeconds=5
Dec 9, 2012 3:33:58 AM org.apache.solr.core.RequestHandlers initHandlersFromConfig
INFO: created standard: solr.SearchHandler
Dec 9, 2012 3:33:58 AM org.apache.solr.core.RequestHandlers initHandlersFromConfig
INFO: created dismax: solr.SearchHandler
Dec 9, 2012 3:33:58 AM org.apache.solr.core.RequestHandlers initHandlersFromConfig
INFO: created partitioned: solr.SearchHandler
Dec 9, 2012 3:33:58 AM org.apache.solr.core.RequestHandlers initHandlersFromConfig
INFO: created /spell: solr.SearchHandler
Dec 9, 2012 3:33:58 AM org.apache.solr.core.RequestHandlers initHandlersFromConfig
INFO: created tvrh: org.apache.solr.handler.component.SearchHandler
Dec 9, 2012 3:33:58 AM org.apache.solr.core.RequestHandlers initHandlersFromConfig
INFO: adding lazy requestHandler: org.apache.solr.handler.extraction.ExtractingRequestHandler
Dec 9, 2012 3:33:58 AM org.apache.solr.core.RequestHandlers initHandlersFromConfig
INFO: created /update/extract: org.apache.solr.handler.extraction.ExtractingRequestHandler
Dec 9, 2012 3:33:58 AM org.apache.solr.core.RequestHandlers initHandlersFromConfig
INFO: created /terms: org.apache.solr.handler.component.SearchHandler
Dec 9, 2012 3:33:58 AM org.apache.solr.core.RequestHandlers initHandlersFromConfig
INFO: adding lazy requestHandler: solr.SearchHandler
Dec 9, 2012 3:33:58 AM org.apache.solr.core.RequestHandlers initHandlersFromConfig
INFO: created /elevate: solr.SearchHandler
Dec 9, 2012 3:33:58 AM org.apache.solr.core.RequestHandlers initHandlersFromConfig
INFO: created /update: solr.XmlUpdateRequestHandler
Dec 9, 2012 3:33:58 AM org.apache.solr.core.RequestHandlers initHandlersFromConfig
INFO: created /update/javabin: solr.BinaryUpdateRequestHandler
Dec 9, 2012 3:33:58 AM org.apache.solr.core.RequestHandlers initHandlersFromConfig
INFO: created /analysis/document: solr.DocumentAnalysisRequestHandler
Dec 9, 2012 3:33:58 AM org.apache.solr.core.RequestHandlers initHandlersFromConfig
INFO: created /analysis/field: solr.FieldAnalysisRequestHandler
Dec 9, 2012 3:33:58 AM org.apache.solr.core.RequestHandlers initHandlersFromConfig
INFO: adding lazy requestHandler: solr.CSVRequestHandler
Dec 9, 2012 3:33:58 AM org.apache.solr.core.RequestHandlers initHandlersFromConfig
INFO: created /update/csv: solr.CSVRequestHandler
Dec 9, 2012 3:33:58 AM org.apache.solr.core.RequestHandlers initHandlersFromConfig
INFO: created /admin/: org.apache.solr.handler.admin.AdminHandlers
Dec 9, 2012 3:33:58 AM org.apache.solr.core.RequestHandlers initHandlersFromConfig
INFO: created /admin/ping: PingRequestHandler
Dec 9, 2012 3:33:58 AM org.apache.solr.core.RequestHandlers initHandlersFromConfig
INFO: created /debug/dump: solr.DumpRequestHandler
Dec 9, 2012 3:33:58 AM org.apache.solr.core.RequestHandlers initHandlersFromConfig
INFO: created /mlt: solr.MoreLikeThisHandler
Dec 9, 2012 3:33:59 AM org.apache.solr.search.SolrIndexSearcher <init>
INFO: Opening Searcher@52205756 main
Dec 9, 2012 3:33:59 AM org.apache.solr.update.DirectUpdateHandler2$CommitTracker <init>
INFO: AutoCommit: disabled
Dec 9, 2012 3:33:59 AM org.apache.solr.handler.component.SpellCheckComponent inform
INFO: Initializing spell checkers
Dec 9, 2012 3:33:59 AM org.apache.solr.spelling.AbstractLuceneSpellChecker init
INFO: Using WhitespaceAnalzyer for dictionary: default
Dec 9, 2012 3:33:59 AM org.apache.solr.handler.component.SpellCheckComponent inform
WARNING: No queryConverter defined, using default converter
Dec 9, 2012 3:33:59 AM org.apache.solr.handler.component.QueryElevationComponent inform
INFO: Loading QueryElevation from: /Users/neel 1/Documents/Programming/rails_projects/cs50/solr/conf/elevate.xml
Dec 9, 2012 3:33:59 AM org.apache.solr.handler.component.SearchHandler inform
INFO: Adding  component:org.apache.solr.handler.component.QueryComponent@464d41e2
Dec 9, 2012 3:33:59 AM org.apache.solr.handler.component.SearchHandler inform
INFO: Adding  component:org.apache.solr.handler.component.FacetComponent@7a20807c
Dec 9, 2012 3:33:59 AM org.apache.solr.handler.component.SearchHandler inform
INFO: Adding  component:org.apache.solr.handler.component.MoreLikeThisComponent@6bd38b87
Dec 9, 2012 3:33:59 AM org.apache.solr.handler.component.SearchHandler inform
INFO: Adding  component:org.apache.solr.handler.component.HighlightComponent@d6d835f
Dec 9, 2012 3:33:59 AM org.apache.solr.handler.component.SearchHandler inform
INFO: Adding  component:org.apache.solr.handler.component.StatsComponent@10cbd8dc
Dec 9, 2012 3:33:59 AM org.apache.solr.handler.component.SearchHandler inform
INFO: Adding  debug component:org.apache.solr.handler.component.DebugComponent@370a5c21
Dec 9, 2012 3:33:59 AM org.apache.solr.handler.component.SearchHandler inform
INFO: Adding  component:org.apache.solr.handler.component.QueryComponent@464d41e2
Dec 9, 2012 3:33:59 AM org.apache.solr.handler.component.SearchHandler inform
INFO: Adding  component:org.apache.solr.handler.component.FacetComponent@7a20807c
Dec 9, 2012 3:33:59 AM org.apache.solr.handler.component.SearchHandler inform
INFO: Adding  component:org.apache.solr.handler.component.MoreLikeThisComponent@6bd38b87
Dec 9, 2012 3:33:59 AM org.apache.solr.handler.component.SearchHandler inform
INFO: Adding  component:org.apache.solr.handler.component.HighlightComponent@d6d835f
Dec 9, 2012 3:33:59 AM org.apache.solr.handler.component.SearchHandler inform
INFO: Adding  component:org.apache.solr.handler.component.StatsComponent@10cbd8dc
Dec 9, 2012 3:33:59 AM org.apache.solr.handler.component.SearchHandler inform
INFO: Adding  debug component:org.apache.solr.handler.component.DebugComponent@370a5c21
Dec 9, 2012 3:33:59 AM org.apache.solr.handler.component.SearchHandler inform
INFO: Adding  component:org.apache.solr.handler.component.QueryComponent@464d41e2
Dec 9, 2012 3:33:59 AM org.apache.solr.handler.component.SearchHandler inform
INFO: Adding  component:org.apache.solr.handler.component.FacetComponent@7a20807c
Dec 9, 2012 3:33:59 AM org.apache.solr.handler.component.SearchHandler inform
INFO: Adding  component:org.apache.solr.handler.component.MoreLikeThisComponent@6bd38b87
Dec 9, 2012 3:33:59 AM org.apache.solr.handler.component.SearchHandler inform
INFO: Adding  component:org.apache.solr.handler.component.HighlightComponent@d6d835f
Dec 9, 2012 3:33:59 AM org.apache.solr.handler.component.SearchHandler inform
INFO: Adding  component:org.apache.solr.handler.component.StatsComponent@10cbd8dc
Dec 9, 2012 3:33:59 AM org.apache.solr.handler.component.SearchHandler inform
INFO: Adding  debug component:org.apache.solr.handler.component.DebugComponent@370a5c21
Dec 9, 2012 3:33:59 AM org.apache.solr.handler.component.SearchHandler inform
INFO: Adding  component:org.apache.solr.handler.component.QueryComponent@464d41e2
Dec 9, 2012 3:33:59 AM org.apache.solr.handler.component.SearchHandler inform
INFO: Adding  component:org.apache.solr.handler.component.FacetComponent@7a20807c
Dec 9, 2012 3:33:59 AM org.apache.solr.handler.component.SearchHandler inform
INFO: Adding  component:org.apache.solr.handler.component.MoreLikeThisComponent@6bd38b87
Dec 9, 2012 3:33:59 AM org.apache.solr.handler.component.SearchHandler inform
INFO: Adding  component:org.apache.solr.handler.component.HighlightComponent@d6d835f
Dec 9, 2012 3:33:59 AM org.apache.solr.handler.component.SearchHandler inform
INFO: Adding  component:org.apache.solr.handler.component.StatsComponent@10cbd8dc
Dec 9, 2012 3:33:59 AM org.apache.solr.handler.component.SearchHandler inform
INFO: Adding  component:org.apache.solr.handler.component.SpellCheckComponent@92696c2
Dec 9, 2012 3:33:59 AM org.apache.solr.handler.component.SearchHandler inform
INFO: Adding  debug component:org.apache.solr.handler.component.DebugComponent@370a5c21
Dec 9, 2012 3:33:59 AM org.apache.solr.handler.component.SearchHandler inform
INFO: Adding  component:org.apache.solr.handler.component.QueryComponent@464d41e2
Dec 9, 2012 3:33:59 AM org.apache.solr.handler.component.SearchHandler inform
INFO: Adding  component:org.apache.solr.handler.component.FacetComponent@7a20807c
Dec 9, 2012 3:33:59 AM org.apache.solr.handler.component.SearchHandler inform
INFO: Adding  component:org.apache.solr.handler.component.MoreLikeThisComponent@6bd38b87
Dec 9, 2012 3:33:59 AM org.apache.solr.handler.component.SearchHandler inform
INFO: Adding  component:org.apache.solr.handler.component.HighlightComponent@d6d835f
Dec 9, 2012 3:33:59 AM org.apache.solr.handler.component.SearchHandler inform
INFO: Adding  component:org.apache.solr.handler.component.StatsComponent@10cbd8dc
Dec 9, 2012 3:33:59 AM org.apache.solr.handler.component.SearchHandler inform
INFO: Adding  component:org.apache.solr.handler.component.TermVectorComponent@44739f3f
Dec 9, 2012 3:33:59 AM org.apache.solr.handler.component.SearchHandler inform
INFO: Adding  debug component:org.apache.solr.handler.component.DebugComponent@370a5c21
Dec 9, 2012 3:33:59 AM org.apache.solr.handler.component.SearchHandler inform
INFO: Adding  component:org.apache.solr.handler.component.TermsComponent@2dc0435
Dec 9, 2012 3:33:59 AM org.apache.solr.core.CoreContainer register
INFO: registering core: 
Dec 9, 2012 3:33:59 AM org.apache.solr.servlet.SolrDispatchFilter init
INFO: user.dir=/Library/Ruby/Gems/1.8/gems/sunspot_solr-1.3.3/solr
Dec 9, 2012 3:33:59 AM org.apache.solr.servlet.SolrDispatchFilter init
INFO: SolrDispatchFilter.init() done
Dec 9, 2012 3:33:59 AM org.apache.solr.core.QuerySenderListener newSearcher
INFO: QuerySenderListener sending requests to Searcher@52205756 main
Dec 9, 2012 3:33:59 AM org.apache.solr.core.SolrCore execute
INFO: [] webapp=null path=null params={start=0&event=firstSearcher&q=solr+rocks&rows=10} hits=0 status=0 QTime=84 
Dec 9, 2012 3:33:59 AM org.apache.solr.core.SolrCore execute
INFO: [] webapp=null path=null params={event=firstSearcher&q=static+firstSearcher+warming+query+from+solrconfig.xml} hits=0 status=0 QTime=1 
Dec 9, 2012 3:33:59 AM org.apache.solr.core.QuerySenderListener newSearcher
INFO: QuerySenderListener done.
Dec 9, 2012 3:33:59 AM org.apache.solr.handler.component.SpellCheckComponent$SpellCheckerListener newSearcher
INFO: Loading spell index for spellchecker: default
Dec 9, 2012 3:33:59 AM org.apache.solr.core.SolrCore registerSearcher
INFO: [] Registered new searcher Searcher@52205756 main
Dec 9, 2012 3:33:59 AM org.apache.solr.servlet.SolrServlet init
INFO: SolrServlet.init()
Dec 9, 2012 3:33:59 AM org.apache.solr.core.SolrResourceLoader locateSolrHome
INFO: JNDI not configured for solr (NoInitialContextEx)
Dec 9, 2012 3:33:59 AM org.apache.solr.core.SolrResourceLoader locateSolrHome
INFO: using system property solr.solr.home: /Users/neel 1/Documents/Programming/rails_projects/cs50/solr
Dec 9, 2012 3:33:59 AM org.apache.solr.servlet.SolrServlet init
INFO: SolrServlet.init() done
Dec 9, 2012 3:33:59 AM org.apache.solr.core.SolrResourceLoader locateSolrHome
INFO: JNDI not configured for solr (NoInitialContextEx)
Dec 9, 2012 3:33:59 AM org.apache.solr.core.SolrResourceLoader locateSolrHome
INFO: using system property solr.solr.home: /Users/neel 1/Documents/Programming/rails_projects/cs50/solr
Dec 9, 2012 3:33:59 AM org.apache.solr.servlet.SolrUpdateServlet init
INFO: SolrUpdateServlet.init() done
Dec 9, 2012 3:34:24 AM org.apache.solr.core.SolrCore execute
INFO: [] webapp=/solr path=/select params={wt=ruby&start=0&fq=type:Turf&q=*:*&rows=30} hits=3 status=0 QTime=14 
Dec 9, 2012 3:34:37 AM org.apache.solr.core.SolrCore execute
INFO: [] webapp=/solr path=/select params={fl=*+score&start=0&q=test+search&qf=description_text+name_text^2&wt=ruby&fq=type:Turf&defType=dismax&rows=30} hits=0 status=0 QTime=14 
Dec 9, 2012 3:34:44 AM org.apache.solr.core.SolrCore execute
INFO: [] webapp=/solr path=/select params={fl=*+score&start=0&q=next&qf=description_text+name_text^2&wt=ruby&fq=type:Turf&defType=dismax&rows=30} hits=1 status=0 QTime=3 
